<?xml version="1.0" encoding="UTF-8"?>
<testsuite xmlns:xsi="http://www.w3.org/2001/XMLSchema-instance" xsi:noNamespaceSchemaLocation="https://maven.apache.org/surefire/maven-surefire-plugin/xsd/surefire-test-report.xsd" name="TestSuite" time="7.996" tests="7" errors="0" skipped="0" failures="7">
  <properties>
[...]
</properties>
  <testcase name="runScenario" classname="com.bts.app.runners.TestRunner" time="0.219">
    <failure message="Unsupported browser: ${Browser}" type="java.lang.RuntimeException">java.lang.RuntimeException: Unsupported browser: ${Browser}
</failure>
    <system-out><![CDATA[
Scenario: Calculate Cart Subtotal and Total price                          # src/test/Resources/features/cart_page.feature:3
Selected browser is:${Browser}
      java.lang.RuntimeException: Unsupported browser: ${Browser}
	at com.bts.app.helper.DriverHelper.initDriver(DriverHelper.java:41)
	at com.bts.app.utils.Hooks.launchBrowser(Hooks.java:26)

  Given user is on the home page                                           # com.bts.app.stepdefinitions.CartPageStepdefinition.user_is_on_the_home_page()
  Then navigate to shop page                                               # com.bts.app.stepdefinitions.CartPageStepdefinition.navigate_to_shop_page()
  When user adds the following products to the cart                        # com.bts.app.stepdefinitions.CartPageStepdefinition.user_adds_the_following_products_to_the_cart(io.cucumber.datatable.DataTable)
    | Product        | Quantity |
    | Stuffed Frog   | 2        |
    | Fluffy Bunny   | 5        |
    | Valentine Bear | 3        |
  Then navigate to cart page                                               # com.bts.app.stepdefinitions.CartPageStepdefinition.navigate_to_cart_page()
  Then subtotals for all the products added should be calculated correctly # com.bts.app.stepdefinitions.CartPageStepdefinition.subtotals_for_all_the_products_added_should_be_calculated_correctly()
  And total should be equal to the sum of subtotals                        # com.bts.app.stepdefinitions.CartPageStepdefinition.total_should_be_equal_to_the_sum_of_subtotals()
      java.lang.NullPointerException
	at com.bts.app.utils.Hooks.quitBrowser(Hooks.java:31)

]]></system-out>
  </testcase>
  <testcase name="runScenario" classname="com.bts.app.runners.TestRunner" time="0.031">
    <failure message="Unsupported browser: ${Browser}" type="java.lang.RuntimeException">java.lang.RuntimeException: Unsupported browser: ${Browser}
</failure>
    <system-out><![CDATA[
Scenario Outline: Submitting the Contact Form with Errors      # src/test/Resources/features/contact_page.feature:15
Selected browser is:${Browser}
      java.lang.RuntimeException: Unsupported browser: ${Browser}
	at com.bts.app.helper.DriverHelper.initDriver(DriverHelper.java:41)
	at com.bts.app.utils.Hooks.launchBrowser(Hooks.java:26)

  Given user is on home page                                   # com.bts.app.stepdefinitions.ContactPageStepdefinition.user_is_on_home_page()
  Then navigate to contact page                                # com.bts.app.stepdefinitions.ContactPageStepdefinition.navigate_to_contact_page()
  And click on Submit button                                   # com.bts.app.stepdefinitions.ContactPageStepdefinition.click_on_Submit_button()
  Then error messages should be displayed                      # com.bts.app.stepdefinitions.ContactPageStepdefinition.error_messages_should_be_displayed()
  And populate the mandatory fields "Sam","sam@277.com","Test" # com.bts.app.stepdefinitions.ContactPageStepdefinition.populate_the_mandatory_fields(java.lang.String,java.lang.String,java.lang.String)
  Then errors should be gone                                   # com.bts.app.stepdefinitions.ContactPageStepdefinition.errors_should_be_gone()
      java.lang.NullPointerException
	at com.bts.app.utils.Hooks.quitBrowser(Hooks.java:31)

]]></system-out>
  </testcase>
  <testcase name="runScenario" classname="com.bts.app.runners.TestRunner" time="0.025">
    <failure message="Unsupported browser: ${Browser}" type="java.lang.RuntimeException">java.lang.RuntimeException: Unsupported browser: ${Browser}
</failure>
    <system-out><![CDATA[
Scenario Outline: Submitting the Contact Form Successfully               # src/test/Resources/features/contact_page.feature:23
Selected browser is:${Browser}
      java.lang.RuntimeException: Unsupported browser: ${Browser}
	at com.bts.app.helper.DriverHelper.initDriver(DriverHelper.java:41)
	at com.bts.app.utils.Hooks.launchBrowser(Hooks.java:26)

  Given user is on home page                                             # com.bts.app.stepdefinitions.ContactPageStepdefinition.user_is_on_home_page()
  Then navigate to contact page                                          # com.bts.app.stepdefinitions.ContactPageStepdefinition.navigate_to_contact_page()
  And populate mandatory fields "Riya","riya@example.com","Test Message" # com.bts.app.stepdefinitions.ContactPageStepdefinition.populate_mandatory_fields(java.lang.String,java.lang.String,java.lang.String)
  And click on Submit button                                             # com.bts.app.stepdefinitions.ContactPageStepdefinition.click_on_Submit_button()
  Then successful submission message should be displayed                 # com.bts.app.stepdefinitions.ContactPageStepdefinition.successful_submission_message_should_be_displayed()
      java.lang.NullPointerException
	at com.bts.app.utils.Hooks.quitBrowser(Hooks.java:31)

]]></system-out>
  </testcase>
  <testcase name="runScenario" classname="com.bts.app.runners.TestRunner" time="0.022">
    <failure message="Unsupported browser: ${Browser}" type="java.lang.RuntimeException">java.lang.RuntimeException: Unsupported browser: ${Browser}
</failure>
    <system-out><![CDATA[
Scenario Outline: Submitting the Contact Form Successfully                # src/test/Resources/features/contact_page.feature:24
Selected browser is:${Browser}
      java.lang.RuntimeException: Unsupported browser: ${Browser}
	at com.bts.app.helper.DriverHelper.initDriver(DriverHelper.java:41)
	at com.bts.app.utils.Hooks.launchBrowser(Hooks.java:26)

  Given user is on home page                                              # com.bts.app.stepdefinitions.ContactPageStepdefinition.user_is_on_home_page()
  Then navigate to contact page                                           # com.bts.app.stepdefinitions.ContactPageStepdefinition.navigate_to_contact_page()
  And populate mandatory fields "abc","abc@example.com","Test Message123" # com.bts.app.stepdefinitions.ContactPageStepdefinition.populate_mandatory_fields(java.lang.String,java.lang.String,java.lang.String)
  And click on Submit button                                              # com.bts.app.stepdefinitions.ContactPageStepdefinition.click_on_Submit_button()
  Then successful submission message should be displayed                  # com.bts.app.stepdefinitions.ContactPageStepdefinition.successful_submission_message_should_be_displayed()
      java.lang.NullPointerException
	at com.bts.app.utils.Hooks.quitBrowser(Hooks.java:31)

]]></system-out>
  </testcase>
  <testcase name="runScenario" classname="com.bts.app.runners.TestRunner" time="0.054">
    <failure message="Unsupported browser: ${Browser}" type="java.lang.RuntimeException">java.lang.RuntimeException: Unsupported browser: ${Browser}
</failure>
    <system-out><![CDATA[
Scenario Outline: Submitting the Contact Form Successfully                # src/test/Resources/features/contact_page.feature:25
Selected browser is:${Browser}
      java.lang.RuntimeException: Unsupported browser: ${Browser}
	at com.bts.app.helper.DriverHelper.initDriver(DriverHelper.java:41)
	at com.bts.app.utils.Hooks.launchBrowser(Hooks.java:26)

  Given user is on home page                                              # com.bts.app.stepdefinitions.ContactPageStepdefinition.user_is_on_home_page()
  Then navigate to contact page                                           # com.bts.app.stepdefinitions.ContactPageStepdefinition.navigate_to_contact_page()
  And populate mandatory fields "test","test@example.com","Test Message1" # com.bts.app.stepdefinitions.ContactPageStepdefinition.populate_mandatory_fields(java.lang.String,java.lang.String,java.lang.String)
  And click on Submit button                                              # com.bts.app.stepdefinitions.ContactPageStepdefinition.click_on_Submit_button()
  Then successful submission message should be displayed                  # com.bts.app.stepdefinitions.ContactPageStepdefinition.successful_submission_message_should_be_displayed()
      java.lang.NullPointerException
	at com.bts.app.utils.Hooks.quitBrowser(Hooks.java:31)

]]></system-out>
  </testcase>
  <testcase name="runScenario" classname="com.bts.app.runners.TestRunner" time="0.027">
    <failure message="Unsupported browser: ${Browser}" type="java.lang.RuntimeException">java.lang.RuntimeException: Unsupported browser: ${Browser}
</failure>
    <system-out><![CDATA[
Scenario Outline: Submitting the Contact Form Successfully                  # src/test/Resources/features/contact_page.feature:26
Selected browser is:${Browser}
      java.lang.RuntimeException: Unsupported browser: ${Browser}
	at com.bts.app.helper.DriverHelper.initDriver(DriverHelper.java:41)
	at com.bts.app.utils.Hooks.launchBrowser(Hooks.java:26)

  Given user is on home page                                                # com.bts.app.stepdefinitions.ContactPageStepdefinition.user_is_on_home_page()
  Then navigate to contact page                                             # com.bts.app.stepdefinitions.ContactPageStepdefinition.navigate_to_contact_page()
  And populate mandatory fields "test1","test1@example.com","Test Message2" # com.bts.app.stepdefinitions.ContactPageStepdefinition.populate_mandatory_fields(java.lang.String,java.lang.String,java.lang.String)
  And click on Submit button                                                # com.bts.app.stepdefinitions.ContactPageStepdefinition.click_on_Submit_button()
  Then successful submission message should be displayed                    # com.bts.app.stepdefinitions.ContactPageStepdefinition.successful_submission_message_should_be_displayed()
      java.lang.NullPointerException
	at com.bts.app.utils.Hooks.quitBrowser(Hooks.java:31)

]]></system-out>
  </testcase>
  <testcase name="runScenario" classname="com.bts.app.runners.TestRunner" time="0.02">
    <failure message="Unsupported browser: ${Browser}" type="java.lang.RuntimeException">java.lang.RuntimeException: Unsupported browser: ${Browser}
</failure>
    <system-out><![CDATA[
Scenario Outline: Submitting the Contact Form Successfully                    # src/test/Resources/features/contact_page.feature:27
Selected browser is:${Browser}
      java.lang.RuntimeException: Unsupported browser: ${Browser}
	at com.bts.app.helper.DriverHelper.initDriver(DriverHelper.java:41)
	at com.bts.app.utils.Hooks.launchBrowser(Hooks.java:26)

  Given user is on home page                                                  # com.bts.app.stepdefinitions.ContactPageStepdefinition.user_is_on_home_page()
  Then navigate to contact page                                               # com.bts.app.stepdefinitions.ContactPageStepdefinition.navigate_to_contact_page()
  And populate mandatory fields "test2","test2@example.com","Test Message @3" # com.bts.app.stepdefinitions.ContactPageStepdefinition.populate_mandatory_fields(java.lang.String,java.lang.String,java.lang.String)
  And click on Submit button                                                  # com.bts.app.stepdefinitions.ContactPageStepdefinition.click_on_Submit_button()
  Then successful submission message should be displayed                      # com.bts.app.stepdefinitions.ContactPageStepdefinition.successful_submission_message_should_be_displayed()
      java.lang.NullPointerException
	at com.bts.app.utils.Hooks.quitBrowser(Hooks.java:31)

]]></system-out>
  </testcase>
</testsuite>